c:\users\aleja\desktop\taller3estructura\taller3estructura\debug\taller3estructura.pch
c:\users\aleja\desktop\taller3estructura\taller3estructura\debug\vc141.pdb
c:\users\aleja\desktop\taller3estructura\taller3estructura\debug\vc141.idb
c:\users\aleja\desktop\taller3estructura\taller3estructura\debug\pch.obj
c:\users\aleja\desktop\taller3estructura\taller3estructura\debug\taller3estructura.obj
c:\users\aleja\desktop\taller3estructura\taller3estructura\debug\sistemapokemongoimpl.obj
c:\users\aleja\desktop\taller3estructura\taller3estructura\debug\pokemon.obj
c:\users\aleja\desktop\taller3estructura\taller3estructura\debug\nodob.obj
c:\users\aleja\desktop\taller3estructura\taller3estructura\debug\nodoabb.obj
c:\users\aleja\desktop\taller3estructura\taller3estructura\debug\menu.obj
c:\users\aleja\desktop\taller3estructura\taller3estructura\debug\arbolb.obj
c:\users\aleja\desktop\taller3estructura\taller3estructura\debug\arbolabb.obj
c:\users\aleja\desktop\taller3estructura\debug\taller3estructura.pdb
c:\users\aleja\desktop\taller3estructura\taller3estructura\debug\taller3e.596eb28c.tlog\cl.command.1.tlog
c:\users\aleja\desktop\taller3estructura\taller3estructura\debug\taller3e.596eb28c.tlog\cl.read.1.tlog
c:\users\aleja\desktop\taller3estructura\taller3estructura\debug\taller3e.596eb28c.tlog\cl.write.1.tlog
c:\users\aleja\desktop\taller3estructura\taller3estructura\debug\taller3e.596eb28c.tlog\link-cvtres.read.1.tlog
c:\users\aleja\desktop\taller3estructura\taller3estructura\debug\taller3e.596eb28c.tlog\link-cvtres.write.1.tlog
c:\users\aleja\desktop\taller3estructura\taller3estructura\debug\taller3e.596eb28c.tlog\link-rc.read.1.tlog
c:\users\aleja\desktop\taller3estructura\taller3estructura\debug\taller3e.596eb28c.tlog\link-rc.write.1.tlog
c:\users\aleja\desktop\taller3estructura\taller3estructura\debug\taller3e.596eb28c.tlog\link.2532-cvtres.read.1.tlog
c:\users\aleja\desktop\taller3estructura\taller3estructura\debug\taller3e.596eb28c.tlog\link.2532-cvtres.write.1.tlog
c:\users\aleja\desktop\taller3estructura\taller3estructura\debug\taller3e.596eb28c.tlog\link.2532-rc.read.1.tlog
c:\users\aleja\desktop\taller3estructura\taller3estructura\debug\taller3e.596eb28c.tlog\link.2532-rc.write.1.tlog
c:\users\aleja\desktop\taller3estructura\taller3estructura\debug\taller3e.596eb28c.tlog\link.2532.read.1.tlog
c:\users\aleja\desktop\taller3estructura\taller3estructura\debug\taller3e.596eb28c.tlog\link.2532.write.1.tlog
c:\users\aleja\desktop\taller3estructura\taller3estructura\debug\taller3e.596eb28c.tlog\link.command.1.tlog
c:\users\aleja\desktop\taller3estructura\taller3estructura\debug\taller3e.596eb28c.tlog\link.read.1.tlog
c:\users\aleja\desktop\taller3estructura\taller3estructura\debug\taller3e.596eb28c.tlog\link.write.1.tlog
